<?xml version="1.0" encoding="UTF-8"?>
<testsuite xmlns:xsi="http://www.w3.org/2001/XMLSchema-instance" xsi:noNamespaceSchemaLocation="https://maven.apache.org/surefire/maven-surefire-plugin/xsd/surefire-test-report.xsd" version="3.0.2" name="com.mx.jobTitles.JobTitlesApplicationTests" time="6.151" tests="1" errors="0" skipped="0" failures="0" flakes="0">
  <properties>
[...]
</properties>
  <testcase name="contextLoads" classname="com.mx.jobTitles.JobTitlesApplicationTests" time="0.314">
    <system-out><![CDATA[16:23:02.005 [main] INFO org.springframework.test.context.support.AnnotationConfigContextLoaderUtils -- Could not detect default configuration classes for test class [com.mx.jobTitles.JobTitlesApplicationTests]: JobTitlesApplicationTests does not declare any static, non-private, non-final, nested classes annotated with @Configuration.
16:23:02.091 [main] INFO org.springframework.boot.test.context.SpringBootTestContextBootstrapper -- Found @SpringBootConfiguration com.mx.jobTitles.JobTitlesApplication for test class com.mx.jobTitles.JobTitlesApplicationTests
16:23:02.169 [main] INFO org.springframework.test.context.support.AnnotationConfigContextLoaderUtils -- Could not detect default configuration classes for test class [com.mx.jobTitles.JobTitlesApplicationTests]: JobTitlesApplicationTests does not declare any static, non-private, non-final, nested classes annotated with @Configuration.
16:23:02.170 [main] INFO org.springframework.boot.test.context.SpringBootTestContextBootstrapper -- Found @SpringBootConfiguration com.mx.jobTitles.JobTitlesApplication for test class com.mx.jobTitles.JobTitlesApplicationTests
16:23:02.336 [main] INFO org.springframework.boot.devtools.restart.RestartApplicationListener -- Restart disabled due to context in which it is running

  .   ____          _            __ _ _
 /\\ / ___'_ __ _ _(_)_ __  __ _ \ \ \ \
( ( )\___ | '_ | '_| | '_ \/ _` | \ \ \ \
 \\/  ___)| |_)| | | | | || (_| |  ) ) ) )
  '  |____| .__|_| |_|_| |_\__, | / / / /
 =========|_|==============|___/=/_/_/_/

 :: Spring Boot ::                (v4.1.1)

2026-08-26T16:23:02.653-06:00  INFO 4624 --- [jobTitles] [           main] c.m.jobTitles.JobTitlesApplicationTests  : Starting JobTitlesApplicationTests using Java 17.0.20.1 with PID 4624 (started by HWAMI in C:\Users\HWAMI\OneDrive\Documentos\EXAMEN_SEM3_BEVN\jobTitles)
2026-08-26T16:23:02.655-06:00  INFO 4624 --- [jobTitles] [           main] c.m.jobTitles.JobTitlesApplicationTests  : No active profile set, falling back to 1 default profile: "default"
2026-08-26T16:23:03.600-06:00  INFO 4624 --- [jobTitles] [           main] .s.d.r.c.RepositoryConfigurationDelegate : Bootstrapping Spring Data JPA repositories in DEFAULT mode.
2026-08-26T16:23:03.740-06:00  INFO 4624 --- [jobTitles] [           main] .s.d.r.c.RepositoryConfigurationDelegate : Finished Spring Data repository scanning in 129 ms. Found 1 JPA repository interface.
2026-08-26T16:23:03.944-06:00  INFO 4624 --- [jobTitles] [           main] o.s.cloud.context.scope.GenericScope     : BeanFactory id=7cd3d5e9-82e4-3870-b2ff-a20a0bd971f8
2026-08-26T16:23:04.264-06:00  INFO 4624 --- [jobTitles] [           main] org.hibernate.orm.jpa                    : HHH008540: Processing PersistenceUnitInfo [name: default]
2026-08-26T16:23:04.316-06:00  INFO 4624 --- [jobTitles] [           main] org.hibernate.orm.core                   : HHH000001: Hibernate ORM core version 7.4.5.Final
2026-08-26T16:23:04.764-06:00  INFO 4624 --- [jobTitles] [           main] o.s.o.j.p.SpringPersistenceUnitInfo      : No LoadTimeWeaver setup: ignoring JPA class transformer
2026-08-26T16:23:04.788-06:00  INFO 4624 --- [jobTitles] [           main] com.zaxxer.hikari.HikariDataSource       : HikariPool-1 - Starting...
2026-08-26T16:23:04.956-06:00  INFO 4624 --- [jobTitles] [           main] com.zaxxer.hikari.pool.HikariPool        : HikariPool-1 - Added connection org.postgresql.jdbc.PgConnection@3f142e87
2026-08-26T16:23:04.958-06:00  INFO 4624 --- [jobTitles] [           main] com.zaxxer.hikari.HikariDataSource       : HikariPool-1 - Start completed.
2026-08-26T16:23:04.995-06:00  WARN 4624 --- [jobTitles] [           main] org.hibernate.orm.deprecation            : HHH90000025: PostgreSQLDialect does not need to be specified explicitly using 'hibernate.dialect' (remove the property setting and it will be selected by default)
2026-08-26T16:23:05.027-06:00  INFO 4624 --- [jobTitles] [           main] org.hibernate.orm.connections.pooling    : HHH10001005: Database info:
	Database JDBC URL [jdbc:postgresql://localhost:5432/JobTitles]
	Database driver: PostgreSQL JDBC Driver
	Database dialect: PostgreSQLDialect
	Database version: 18.4
	Default catalog/schema: JobTitles/public
	Autocommit mode: undefined/unknown
	Isolation level: READ_COMMITTED [default READ_COMMITTED]
	JDBC fetch size: none
	Pool: DataSourceConnectionProvider
	Minimum pool size: undefined/unknown
	Maximum pool size: undefined/unknown
2026-08-26T16:23:05.901-06:00  INFO 4624 --- [jobTitles] [           main] org.hibernate.orm.core                   : HHH000489: No JTA platform available (set 'hibernate.transaction.jta.platform' to enable JTA platform integration)
2026-08-26T16:23:05.957-06:00  INFO 4624 --- [jobTitles] [           main] j.LocalContainerEntityManagerFactoryBean : Initialized JPA EntityManagerFactory for persistence unit 'default'
2026-08-26T16:23:06.052-06:00  INFO 4624 --- [jobTitles] [           main] o.s.d.j.r.query.QueryEnhancerFactories   : Hibernate is in classpath; If applicable, HQL parser will be used.
2026-08-26T16:23:06.354-06:00  WARN 4624 --- [jobTitles] [           main] JpaBaseConfiguration$JpaWebConfiguration : spring.jpa.open-in-view is enabled by default. Therefore, database queries may be performed during view rendering. Explicitly configure spring.jpa.open-in-view to disable this warning
2026-08-26T16:23:07.125-06:00  INFO 4624 --- [jobTitles] [           main] DiscoveryClientOptionalArgsConfiguration : Eureka HTTP Client uses RestClient.
2026-08-26T16:23:07.165-06:00  WARN 4624 --- [jobTitles] [           main] iguration$LoadBalancerCaffeineWarnLogger : Spring Cloud LoadBalancer is currently working with the default cache. While this cache implementation is useful for development and tests, it's recommended to use Caffeine cache in production.You can switch to using Caffeine cache, by adding it and org.springframework.cache.caffeine.CaffeineCacheManager to the classpath.
2026-08-26T16:23:07.202-06:00  INFO 4624 --- [jobTitles] [           main] o.s.c.n.eureka.InstanceInfoFactory       : Setting initial instance status as: STARTING
2026-08-26T16:23:07.222-06:00  INFO 4624 --- [jobTitles] [           main] com.netflix.discovery.DiscoveryClient    : Initializing Eureka in region us-east-1
2026-08-26T16:23:07.226-06:00  INFO 4624 --- [jobTitles] [           main] c.n.d.s.r.aws.ConfigClusterResolver      : Resolving eureka endpoints via configuration
2026-08-26T16:23:07.234-06:00  INFO 4624 --- [jobTitles] [           main] com.netflix.discovery.DiscoveryClient    : Disable delta property : false
2026-08-26T16:23:07.234-06:00  INFO 4624 --- [jobTitles] [           main] com.netflix.discovery.DiscoveryClient    : Single vip registry refresh property : null
2026-08-26T16:23:07.234-06:00  INFO 4624 --- [jobTitles] [           main] com.netflix.discovery.DiscoveryClient    : Force full registry fetch : false
2026-08-26T16:23:07.234-06:00  INFO 4624 --- [jobTitles] [           main] com.netflix.discovery.DiscoveryClient    : Application is null : false
2026-08-26T16:23:07.234-06:00  INFO 4624 --- [jobTitles] [           main] com.netflix.discovery.DiscoveryClient    : Registered Applications size is zero : true
2026-08-26T16:23:07.234-06:00  INFO 4624 --- [jobTitles] [           main] com.netflix.discovery.DiscoveryClient    : Application version is -1: true
2026-08-26T16:23:07.234-06:00  INFO 4624 --- [jobTitles] [           main] com.netflix.discovery.DiscoveryClient    : Getting all instance registry info from the eureka server
2026-08-26T16:23:07.589-06:00  INFO 4624 --- [jobTitles] [           main] com.netflix.discovery.DiscoveryClient    : The response status is 200
2026-08-26T16:23:07.590-06:00  INFO 4624 --- [jobTitles] [           main] com.netflix.discovery.DiscoveryClient    : Starting heartbeat executor: renew interval is: 30
2026-08-26T16:23:07.592-06:00  INFO 4624 --- [jobTitles] [           main] c.n.discovery.InstanceInfoReplicator     : InstanceInfoReplicator onDemand update allowed rate per min is 4
2026-08-26T16:23:07.594-06:00  INFO 4624 --- [jobTitles] [           main] com.netflix.discovery.DiscoveryClient    : Discovery Client initialized at timestamp 1787782987594 with initial instances count: 2
2026-08-26T16:23:07.598-06:00  INFO 4624 --- [jobTitles] [           main] o.s.c.n.e.s.EurekaServiceRegistry        : Registering application JOBTITLES with eureka with status UP
2026-08-26T16:23:07.598-06:00  INFO 4624 --- [jobTitles] [           main] com.netflix.discovery.DiscoveryClient    : Saw local status change event StatusChangeEvent [timestamp=1787782987598, current=UP, previous=STARTING]
2026-08-26T16:23:07.600-06:00  INFO 4624 --- [jobTitles] [foReplicator-%d] com.netflix.discovery.DiscoveryClient    : DiscoveryClient_JOBTITLES/EDELYX:jobTitles:8083: registering service...
2026-08-26T16:23:07.610-06:00  INFO 4624 --- [jobTitles] [           main] c.m.jobTitles.JobTitlesApplicationTests  : Started JobTitlesApplicationTests in 5.285 seconds (process running for 6.435)
2026-08-26T16:23:07.614-06:00  WARN 4624 --- [jobTitles] [           main] o.s.core.events.SpringDocAppInitializer  : SpringDoc /v3/api-docs endpoint is enabled by default. To disable it in production, set the property 'springdoc.api-docs.enabled=false'
2026-08-26T16:23:07.614-06:00  WARN 4624 --- [jobTitles] [           main] o.s.core.events.SpringDocAppInitializer  : SpringDoc /swagger-ui.html endpoint is enabled by default. To disable it in production, set the property 'springdoc.swagger-ui.enabled=false'
2026-08-26T16:23:07.645-06:00  INFO 4624 --- [jobTitles] [foReplicator-%d] com.netflix.discovery.DiscoveryClient    : DiscoveryClient_JOBTITLES/EDELYX:jobTitles:8083 - registration status: 204
]]></system-out>
  </testcase>
</testsuite>